mode: set
learngo/container/nonrepeatingsubstr/nonrepeating.go:5.47,9.31 4 1
learngo/container/nonrepeatingsubstr/nonrepeating.go:18.2,18.18 1 1
learngo/container/nonrepeatingsubstr/nonrepeating.go:9.31,10.58 1 1
learngo/container/nonrepeatingsubstr/nonrepeating.go:13.3,13.28 1 1
learngo/container/nonrepeatingsubstr/nonrepeating.go:16.3,16.23 1 1
learngo/container/nonrepeatingsubstr/nonrepeating.go:10.58,12.4 1 1
learngo/container/nonrepeatingsubstr/nonrepeating.go:13.28,15.4 1 1
learngo/container/nonrepeatingsubstr/nonrepeating.go:21.13,29.2 7 0
